Taking input from /Users/Imperssonator/CC/Tofet/examples/GSL_randomGenerator/AFMSims/P3HTtof.sim, /Users/Imperssonator/Documents/MATLAB/Timberline_Delta/Tofet Files/15%_2min/15%_2min_100 100_50/15%_2min_100 100_50.xyz, /Users/Imperssonator/Documents/MATLAB/Timberline_Delta/Tofet Files/15%_2min/15%_2min_100 100_50/15%_2min_100 100_50.edge ...
Read simulation parameters ...
  : reorg 0.1
  : temp 300.0
  : fieldZ -1.6e-4
  : hoppers 5
  : maxTime 2e-9
  : deltaTime 1e-15	
  : alpha 1.5		
  : tol 1e-4		
  : maxRuns 1000
  : #verbosity high
  : 
  : 
Setting up GSL random number generator...
	Generator type: mt19937
	Seed = 0
Read in 15843 vertices from /Users/Imperssonator/Documents/MATLAB/Timberline_Delta/Tofet Files/15%_2min/15%_2min_100 100_50/15%_2min_100 100_50.xyz
Read in 30925 edges from /Users/Imperssonator/Documents/MATLAB/Timberline_Delta/Tofet Files/15%_2min/15%_2min_100 100_50/15%_2min_100 100_50.edge
All systems go!  Beginning KMC...
.................................
.................................
!!! WARNING !!! : Mobility not converged, maxTime exceeded.
!!! WARNING !!! : Mobility not converged, maxTime exceeded.
!!! WARNING !!! : Mobility not converged, maxTime exceeded.
!!! WARNING !!! : Mobility not converged, maxTime exceeded.
!!! WARNING !!! : Mobility not converged, maxTime exceeded.
!!! WARNING !!! : Mobility not converged, maxTime exceeded.
!!! WARNING !!! : Mobility not converged, maxTime exceeded.
!!! WARNING !!! : Mobility not converged, maxTime exceeded.
!!! WARNING !!! : Mobility not converged, maxTime exceeded.
!!! WARNING !!! : Mobility not converged, maxTime exceeded.
!!! WARNING !!! : Mobility not converged, maxTime exceeded.
!!! WARNING !!! : Mobility not converged, maxTime exceeded.
Mobility converged
Simulation finished with 12 warnings
.................................
.................................
> PHOTOCURRENT TRANSIENT
	time (s)	-	current (A)
	1e-15		1.40552e-05
	1.5e-15		3.014e-22
	2.25e-15		3.43871e-06
	3.375e-15		3.43871e-06
	5.0625e-15		7.64157e-06
	7.59375e-15		3.05663e-06
	1.13906e-14		2.9543e-06
	1.70859e-14		3.91731e-06
	2.56289e-14		3.01889e-07
	3.84434e-14		8.07097e-07
	5.7665e-14		1.54016e-06
	8.64976e-14		1.44205e-06
	1.29746e-13		1.24515e-07
	1.9462e-13		1.02058e-06
	2.91929e-13		7.89927e-07
	4.37894e-13		4.33326e-07
	6.56841e-13		3.52717e-07
	9.85261e-13		3.40576e-07
	1.47789e-12		3.30623e-07
	2.21684e-12		1.82292e-07
	3.32526e-12		8.28421e-08
	4.98789e-12		7.81376e-08
	7.48183e-12		8.59374e-08
	1.12227e-11		7.84284e-08
	1.68341e-11		4.5091e-08
	2.52512e-11		7.12038e-08
	3.78768e-11		2.77411e-08
	5.68151e-11		2.40868e-08
	8.52227e-11		1.52335e-08
	1.27834e-10		1.29448e-08
	1.91751e-10		5.88995e-09
	2.87627e-10		4.67004e-09
	4.3144e-10		-5.19441e-10
	6.4716e-10		1.56122e-09
> TOTAL RUNS = 12
> MOBILITY FROM COLLECTION TIMES (cm^2/V.s)= 1.65274
> MOBILITY FROM TOTAL DISPLACEMENT AND TOTAL TIME (cm^2/V.s)= 0.0910576
> AVERAGE NUMBER OF HOPPERS COLLECTED PER RUN = 2.91667
> PROBABILITY OF HOPPER BEING COLLECTED DURING RUN = 0.583333
